app/build/intermediates/manifest_merge_blame_file/kmpaisaDebug/manifest-merger-blame-kmpaisa-debug-report.txt
1<?xml version="1.0" encoding="utf-8"?>
2<manifest xmlns:android="http://schemas.android.com/apk/res/android"
3    package="com.codunite.kmpaisa"
4    android:versionCode="101"
5    android:versionName="2.0" >
6
7    <uses-sdk
8        android:minSdkVersion="23"
8-->src\main\AndroidManifest.xml
9        android:targetSdkVersion="33" />
9-->src\main\AndroidManifest.xml
10
11    <queries>
11-->src\main\AndroidManifest.xml:6:5-16:15
12        <intent>
12-->src\main\AndroidManifest.xml:7:9-12:18
13            <action android:name="android.intent.action.VIEW" />
13-->src\main\AndroidManifest.xml:8:13-65
13-->src\main\AndroidManifest.xml:8:21-62
14
15            <data
15-->src\main\AndroidManifest.xml:9:13-11:40
16                android:host="pay"
16-->src\main\AndroidManifest.xml:10:17-35
17                android:scheme="upi" />
17-->src\main\AndroidManifest.xml:11:17-37
18        </intent>
19
20        <package android:name="com.android.chrome" />
20-->src\main\AndroidManifest.xml:14:9-54
20-->src\main\AndroidManifest.xml:14:18-51
21        <package android:name="com.codunite.rechargeapp.WebViewActivity" />
21-->src\main\AndroidManifest.xml:15:9-76
21-->src\main\AndroidManifest.xml:15:18-73
22        <package android:name="com.mantra.rdservice" />
22-->[onboardinglib_V.1.1.12.aar] AndroidManifest.xml:17:9-56
22-->[onboardinglib_V.1.1.12.aar] AndroidManifest.xml:17:18-53
23        <package android:name="com.scl.rdservice" />
23-->[onboardinglib_V.1.1.12.aar] AndroidManifest.xml:18:9-53
23-->[onboardinglib_V.1.1.12.aar] AndroidManifest.xml:18:18-50
24        <package android:name="com.precision.pb510.rdservice" />
24-->[onboardinglib_V.1.1.12.aar] AndroidManifest.xml:19:9-65
24-->[onboardinglib_V.1.1.12.aar] AndroidManifest.xml:19:18-62
25        <package android:name="com.secugen.rdservice" />
25-->[onboardinglib_V.1.1.12.aar] AndroidManifest.xml:20:9-57
25-->[onboardinglib_V.1.1.12.aar] AndroidManifest.xml:20:18-54
26        <package android:name="com.nextbiometrics.onetouchrdservice" />
26-->[onboardinglib_V.1.1.12.aar] AndroidManifest.xml:21:9-72
26-->[onboardinglib_V.1.1.12.aar] AndroidManifest.xml:21:18-69
27        <package android:name="com.acpl.registersdk" />
27-->[onboardinglib_V.1.1.12.aar] AndroidManifest.xml:22:9-56
27-->[onboardinglib_V.1.1.12.aar] AndroidManifest.xml:22:18-53
28        <package android:name="co.aratek.asix_gms.rdservice" />
28-->[onboardinglib_V.1.1.12.aar] AndroidManifest.xml:23:9-64
28-->[onboardinglib_V.1.1.12.aar] AndroidManifest.xml:23:18-61
29        <package android:name="com.evolute.rdservice" />
29-->[onboardinglib_V.1.1.12.aar] AndroidManifest.xml:24:9-57
29-->[onboardinglib_V.1.1.12.aar] AndroidManifest.xml:24:18-54
30        <package android:name="com.mantra.mis100v2.rdservice" />
30-->[onboardinglib_V.1.1.12.aar] AndroidManifest.xml:25:9-65
30-->[onboardinglib_V.1.1.12.aar] AndroidManifest.xml:25:18-62
31    </queries>
32
33    <uses-permission android:name="android.permission.INTERNET" />
33-->src\main\AndroidManifest.xml:18:5-67
33-->src\main\AndroidManifest.xml:18:22-64
34    <uses-permission android:name="android.permission.ACCESS_WIFI_STATE" />
34-->src\main\AndroidManifest.xml:19:5-76
34-->src\main\AndroidManifest.xml:19:22-73
35    <uses-permission android:name="android.permission.ACCESS_NETWORK_STATE" />
35-->src\main\AndroidManifest.xml:20:5-79
35-->src\main\AndroidManifest.xml:20:22-76
36    <uses-permission android:name="android.permission.READ_EXTERNAL_STORAGE" />
36-->src\main\AndroidManifest.xml:21:5-80
36-->src\main\AndroidManifest.xml:21:22-77
37    <uses-permission android:name="android.permission.READ_CONTACTS" />
37-->src\main\AndroidManifest.xml:22:5-72
37-->src\main\AndroidManifest.xml:22:22-69
38    <uses-permission android:name="com.google.android.c2dm.permission.RECEIVE" />
38-->src\main\AndroidManifest.xml:23:5-82
38-->src\main\AndroidManifest.xml:23:22-79
39    <uses-permission android:name="android.permission.ACCESS_COARSE_LOCATION" />
39-->src\main\AndroidManifest.xml:24:5-81
39-->src\main\AndroidManifest.xml:24:22-78
40    <uses-permission android:name="android.permission.ACCESS_FINE_LOCATION" />
40-->src\main\AndroidManifest.xml:25:5-79
40-->src\main\AndroidManifest.xml:25:22-76
41    <uses-permission android:name="android.permission.READ_PHONE_STATE" />
41-->src\main\AndroidManifest.xml:26:5-75
41-->src\main\AndroidManifest.xml:26:22-72
42    <uses-permission android:name="android.permission.WRITE_EXTERNAL_STORAGE" />
42-->src\main\AndroidManifest.xml:27:5-29:48
42-->src\main\AndroidManifest.xml:28:9-65
43    <uses-permission android:name="android.permission.CAMERA" />
43-->src\main\AndroidManifest.xml:30:5-65
43-->src\main\AndroidManifest.xml:30:22-62
44    <uses-permission android:name="android.permission.USE_FULL_SCREEN_INTENT" />
44-->src\main\AndroidManifest.xml:31:5-81
44-->src\main\AndroidManifest.xml:31:22-78
45    <uses-permission android:name="android.permission.READ_MEDIA_IMAGES" />
45-->[onboardinglib_V.1.1.12.aar] AndroidManifest.xml:14:5-76
45-->[onboardinglib_V.1.1.12.aar] AndroidManifest.xml:14:22-73
46
47    <uses-feature
47-->[onboardinglib_V.1.1.12.aar] AndroidManifest.xml:28:5-30:35
48        android:name="android.hardware.camera"
48-->[onboardinglib_V.1.1.12.aar] AndroidManifest.xml:29:9-47
49        android:required="true" />
49-->[onboardinglib_V.1.1.12.aar] AndroidManifest.xml:30:9-32
50
51    <uses-permission android:name="android.permission.READ_PRECISE_PHONE_STATE" />
51-->[onboardinglib_V.1.1.12.aar] AndroidManifest.xml:32:5-34:47
51-->[onboardinglib_V.1.1.12.aar] AndroidManifest.xml:33:9-67
52    <uses-permission android:name="android.permission.READ_PRIVILEGED_PHONE_STATE" />
52-->[onboardinglib_V.1.1.12.aar] AndroidManifest.xml:35:5-37:47
52-->[onboardinglib_V.1.1.12.aar] AndroidManifest.xml:36:9-70
53    <uses-permission android:name="android.permission.POST_NOTIFICATIONS" />
53-->[com.google.firebase:firebase-messaging:23.1.2] AndroidManifest.xml:25:5-77
53-->[com.google.firebase:firebase-messaging:23.1.2] AndroidManifest.xml:25:22-74
54    <uses-permission android:name="android.permission.WAKE_LOCK" />
54-->[com.google.firebase:firebase-messaging:23.1.2] AndroidManifest.xml:26:5-68
54-->[com.google.firebase:firebase-messaging:23.1.2] AndroidManifest.xml:26:22-65
55
56    <permission
56-->[androidx.core:core:1.10.0] AndroidManifest.xml:22:5-24:47
57        android:name="com.codunite.kmpaisa.DYNAMIC_RECEIVER_NOT_EXPORTED_PERMISSION"
57-->[androidx.core:core:1.10.0] AndroidManifest.xml:23:9-81
58        android:protectionLevel="signature" />
58-->[androidx.core:core:1.10.0] AndroidManifest.xml:24:9-44
59
60    <uses-permission android:name="com.codunite.kmpaisa.DYNAMIC_RECEIVER_NOT_EXPORTED_PERMISSION" /> <!-- Permission will be merged into the manifest of the hosting app. -->
60-->[androidx.core:core:1.10.0] AndroidManifest.xml:26:5-97
60-->[androidx.core:core:1.10.0] AndroidManifest.xml:26:22-94
61    <!-- Is required to launch foreground extraction service for targetSdkVersion 28+. -->
62    <uses-permission android:name="android.permission.FOREGROUND_SERVICE" />
62-->[com.google.android.play:core:1.10.3] AndroidManifest.xml:13:5-77
62-->[com.google.android.play:core:1.10.3] AndroidManifest.xml:13:22-74
63
64    <application
64-->src\main\AndroidManifest.xml:33:5-512:19
65        android:name="com.codunite.rechargeapp.BaseApp"
65-->src\main\AndroidManifest.xml:34:9-56
66        android:allowBackup="true"
66-->src\main\AndroidManifest.xml:35:9-35
67        android:appComponentFactory="androidx.core.app.CoreComponentFactory"
67-->[androidx.core:core:1.10.0] AndroidManifest.xml:28:18-86
68        android:debuggable="true"
69        android:extractNativeLibs="false"
70        android:icon="@mipmap/app_icon_square"
70-->src\main\AndroidManifest.xml:36:9-47
71        android:label="@string/app_name"
71-->src\main\AndroidManifest.xml:37:9-41
72        android:requestLegacyExternalStorage="true"
72-->src\main\AndroidManifest.xml:38:9-52
73        android:roundIcon="@mipmap/app_icon_round"
73-->src\main\AndroidManifest.xml:39:9-51
74        android:supportsRtl="true"
74-->src\main\AndroidManifest.xml:40:9-35
75        android:testOnly="true"
76        android:theme="@style/AppTheme.NoActionBar"
76-->src\main\AndroidManifest.xml:41:9-52
77        android:usesCleartextTraffic="true" >
77-->src\main\AndroidManifest.xml:42:9-44
78        <meta-data
78-->src\main\AndroidManifest.xml:43:9-45:69
79            android:name="com.google.android.gms.version"
79-->src\main\AndroidManifest.xml:44:13-58
80            android:value="@integer/google_play_services_version" />
80-->src\main\AndroidManifest.xml:45:13-66
81        <meta-data
81-->src\main\AndroidManifest.xml:46:9-48:61
82            android:name="com.google.android.geo.API_KEY"
82-->src\main\AndroidManifest.xml:47:13-58
83            android:value="@string/google_places_api_key" />
83-->src\main\AndroidManifest.xml:48:13-58
84
85        <activity
85-->src\main\AndroidManifest.xml:50:9-69:20
86            android:name="com.codunite.rechargeapp.activity.ActivitySplash"
86-->src\main\AndroidManifest.xml:51:13-52
87            android:exported="true"
87-->src\main\AndroidManifest.xml:52:13-36
88            android:launchMode="singleTask" >
88-->src\main\AndroidManifest.xml:53:13-44
89            <intent-filter>
89-->src\main\AndroidManifest.xml:54:13-57:29
90                <action android:name="android.intent.action.MAIN" />
90-->src\main\AndroidManifest.xml:55:17-69
90-->src\main\AndroidManifest.xml:55:25-66
91
92                <category android:name="android.intent.category.LAUNCHER" />
92-->src\main\AndroidManifest.xml:56:17-77
92-->src\main\AndroidManifest.xml:56:27-74
93            </intent-filter>
94            <intent-filter android:label="Referral Code" >
94-->src\main\AndroidManifest.xml:58:13-68:29
94-->src\main\AndroidManifest.xml:58:28-57
95                <action android:name="android.intent.action.VIEW" />
95-->src\main\AndroidManifest.xml:8:13-65
95-->src\main\AndroidManifest.xml:8:21-62
96
97                <category android:name="android.intent.category.DEFAULT" />
97-->src\main\AndroidManifest.xml:61:17-76
97-->src\main\AndroidManifest.xml:61:27-73
98                <category android:name="android.intent.category.BROWSABLE" />
98-->src\main\AndroidManifest.xml:62:17-78
98-->src\main\AndroidManifest.xml:62:27-75
99
100                <data
100-->src\main\AndroidManifest.xml:9:13-11:40
101                    android:host="https://www.vsidigital.in"
101-->src\main\AndroidManifest.xml:10:17-35
102                    android:pathPrefix="/register"
102-->src\main\AndroidManifest.xml:66:21-51
103                    android:scheme="https" />
103-->src\main\AndroidManifest.xml:11:17-37
104            </intent-filter>
105        </activity>
106        <activity
106-->src\main\AndroidManifest.xml:70:9-74:70
107            android:name="com.codunite.rechargeapp.activity.ActivityWithdrawalRequest"
107-->src\main\AndroidManifest.xml:71:13-87
108            android:screenOrientation="portrait"
108-->src\main\AndroidManifest.xml:72:13-49
109            android:theme="@style/AppTheme.NoActionBar"
109-->src\main\AndroidManifest.xml:73:13-56
110            android:windowSoftInputMode="stateHidden|adjustResize" />
110-->src\main\AndroidManifest.xml:74:13-67
111        <activity
111-->src\main\AndroidManifest.xml:76:9-80:70
112            android:name="com.codunite.rechargeapp.activity.ActivityNotification"
112-->src\main\AndroidManifest.xml:77:13-82
113            android:screenOrientation="portrait"
113-->src\main\AndroidManifest.xml:78:13-49
114            android:theme="@style/AppTheme.NoActionBar"
114-->src\main\AndroidManifest.xml:79:13-56
115            android:windowSoftInputMode="stateHidden|adjustResize" />
115-->src\main\AndroidManifest.xml:80:13-67
116        <activity
116-->src\main\AndroidManifest.xml:82:9-86:79
117            android:name="com.codunite.rechargeapp.activity.ActivitySignUp"
117-->src\main\AndroidManifest.xml:83:13-76
118            android:screenOrientation="portrait"
118-->src\main\AndroidManifest.xml:84:13-49
119            android:theme="@style/AppTheme.NoActionBar"
119-->src\main\AndroidManifest.xml:85:13-56
120            android:windowSoftInputMode="stateHidden|adjustResize" />
120-->src\main\AndroidManifest.xml:86:13-67
121        <activity
121-->src\main\AndroidManifest.xml:88:9-92:70
122            android:name="com.codunite.rechargeapp.activity.ActivityMain"
122-->src\main\AndroidManifest.xml:89:13-74
123            android:screenOrientation="portrait"
123-->src\main\AndroidManifest.xml:90:13-49
124            android:theme="@style/AppTheme.NoActionBar"
124-->src\main\AndroidManifest.xml:91:13-56
125            android:windowSoftInputMode="stateHidden|adjustResize" />
125-->src\main\AndroidManifest.xml:92:13-67
126        <activity
126-->src\main\AndroidManifest.xml:93:9-97:70
127            android:name="com.codunite.rechargeapp.activity.bbps.ActivityBBPSLiveCommision"
127-->src\main\AndroidManifest.xml:94:13-68
128            android:screenOrientation="portrait"
128-->src\main\AndroidManifest.xml:95:13-49
129            android:theme="@style/AppTheme.NoActionBar"
129-->src\main\AndroidManifest.xml:96:13-56
130            android:windowSoftInputMode="stateHidden|adjustResize" />
130-->src\main\AndroidManifest.xml:97:13-67
131        <activity
131-->src\main\AndroidManifest.xml:98:9-102:70
132            android:name="com.codunite.rechargeapp.activity.ActivityPlansOffer"
132-->src\main\AndroidManifest.xml:99:13-80
133            android:screenOrientation="portrait"
133-->src\main\AndroidManifest.xml:100:13-49
134            android:theme="@style/AppTheme.NoActionBar"
134-->src\main\AndroidManifest.xml:101:13-56
135            android:windowSoftInputMode="stateHidden|adjustResize" />
135-->src\main\AndroidManifest.xml:102:13-67
136        <activity
136-->src\main\AndroidManifest.xml:103:9-107:70
137            android:name="com.codunite.rechargeapp.activity.support.ActivityHelpFeedback"
137-->src\main\AndroidManifest.xml:104:13-90
138            android:screenOrientation="portrait"
138-->src\main\AndroidManifest.xml:105:13-49
139            android:theme="@style/AppTheme.NoActionBar"
139-->src\main\AndroidManifest.xml:106:13-56
140            android:windowSoftInputMode="stateHidden|adjustResize" />
140-->src\main\AndroidManifest.xml:107:13-67
141        <activity
141-->src\main\AndroidManifest.xml:108:9-112:70
142            android:name="com.codunite.rechargeapp.activity.support.ActivityTicketList"
142-->src\main\AndroidManifest.xml:109:13-88
143            android:screenOrientation="portrait"
143-->src\main\AndroidManifest.xml:110:13-49
144            android:theme="@style/AppTheme.NoActionBar"
144-->src\main\AndroidManifest.xml:111:13-56
145            android:windowSoftInputMode="stateHidden|adjustResize" />
145-->src\main\AndroidManifest.xml:112:13-67
146        <activity
146-->src\main\AndroidManifest.xml:114:9-118:70
147            android:name="com.codunite.rechargeapp.activity.aepsnew.ActivityFinoAEPSBankingService"
147-->src\main\AndroidManifest.xml:115:13-76
148            android:screenOrientation="portrait"
148-->src\main\AndroidManifest.xml:116:13-49
149            android:theme="@style/AppTheme.NoActionBar"
149-->src\main\AndroidManifest.xml:117:13-56
150            android:windowSoftInputMode="stateHidden|adjustResize" />
150-->src\main\AndroidManifest.xml:118:13-67
151        <activity
151-->src\main\AndroidManifest.xml:119:9-123:70
152            android:name="com.codunite.rechargeapp.activity.reports.ActivityComisionWalletHistory"
152-->src\main\AndroidManifest.xml:120:13-99
153            android:screenOrientation="portrait"
153-->src\main\AndroidManifest.xml:121:13-49
154            android:theme="@style/AppTheme.NoActionBar"
154-->src\main\AndroidManifest.xml:122:13-56
155            android:windowSoftInputMode="stateHidden|adjustResize" />
155-->src\main\AndroidManifest.xml:123:13-67
156        <activity
156-->src\main\AndroidManifest.xml:124:9-128:70
157            android:name="com.codunite.rechargeapp.activity.bbps.ActivityBbpsHistory"
157-->src\main\AndroidManifest.xml:125:13-62
158            android:screenOrientation="portrait"
158-->src\main\AndroidManifest.xml:126:13-49
159            android:theme="@style/AppTheme.NoActionBar"
159-->src\main\AndroidManifest.xml:127:13-56
160            android:windowSoftInputMode="stateHidden|adjustResize" />
160-->src\main\AndroidManifest.xml:128:13-67
161        <activity
161-->src\main\AndroidManifest.xml:131:9-135:70
162            android:name="com.codunite.rechargeapp.activity.profile.ActivityKyc"
162-->src\main\AndroidManifest.xml:132:13-81
163            android:screenOrientation="portrait"
163-->src\main\AndroidManifest.xml:133:13-49
164            android:theme="@style/AppTheme.NoActionBar"
164-->src\main\AndroidManifest.xml:134:13-56
165            android:windowSoftInputMode="stateHidden|adjustResize" />
165-->src\main\AndroidManifest.xml:135:13-67
166        <activity
166-->src\main\AndroidManifest.xml:136:9-140:70
167            android:name="com.codunite.rechargeapp.activity.profile.ActivityChangeAccount"
167-->src\main\AndroidManifest.xml:137:13-91
168            android:screenOrientation="portrait"
168-->src\main\AndroidManifest.xml:138:13-49
169            android:theme="@style/AppTheme.NoActionBar"
169-->src\main\AndroidManifest.xml:139:13-56
170            android:windowSoftInputMode="stateHidden|adjustResize" />
170-->src\main\AndroidManifest.xml:140:13-67
171        <activity
171-->src\main\AndroidManifest.xml:141:9-145:70
172            android:name="com.codunite.rechargeapp.activity.bbps.ActivityBbpsAllServices"
172-->src\main\AndroidManifest.xml:142:13-66
173            android:screenOrientation="portrait"
173-->src\main\AndroidManifest.xml:143:13-49
174            android:theme="@style/AppTheme.NoActionBar"
174-->src\main\AndroidManifest.xml:144:13-56
175            android:windowSoftInputMode="stateHidden|adjustResize" />
175-->src\main\AndroidManifest.xml:145:13-67
176        <activity
176-->src\main\AndroidManifest.xml:146:9-150:70
177            android:name="com.codunite.rechargeapp.activity.bbps.ActivityBbpsElectricity"
177-->src\main\AndroidManifest.xml:147:13-66
178            android:screenOrientation="portrait"
178-->src\main\AndroidManifest.xml:148:13-49
179            android:theme="@style/AppTheme.NoActionBar"
179-->src\main\AndroidManifest.xml:149:13-56
180            android:windowSoftInputMode="stateHidden|adjustResize" />
180-->src\main\AndroidManifest.xml:150:13-67
181        <activity
181-->src\main\AndroidManifest.xml:151:9-155:70
182            android:name="com.codunite.rechargeapp.activity.bbps.ActivityBbpsTollTax"
182-->src\main\AndroidManifest.xml:152:13-62
183            android:screenOrientation="portrait"
183-->src\main\AndroidManifest.xml:153:13-49
184            android:theme="@style/AppTheme.NoActionBar"
184-->src\main\AndroidManifest.xml:154:13-56
185            android:windowSoftInputMode="stateHidden|adjustResize" />
185-->src\main\AndroidManifest.xml:155:13-67
186        <activity
186-->src\main\AndroidManifest.xml:156:9-160:70
187            android:name="com.codunite.rechargeapp.activity.ActivityCompletion"
187-->src\main\AndroidManifest.xml:157:13-80
188            android:screenOrientation="portrait"
188-->src\main\AndroidManifest.xml:158:13-49
189            android:theme="@style/AppTheme.NoActionBar"
189-->src\main\AndroidManifest.xml:159:13-56
190            android:windowSoftInputMode="stateHidden|adjustResize" />
190-->src\main\AndroidManifest.xml:160:13-67
191        <activity
191-->src\main\AndroidManifest.xml:161:9-165:70
192            android:name="com.codunite.rechargeapp.activity.reports.ActivityBillPayHistory"
192-->src\main\AndroidManifest.xml:162:13-92
193            android:screenOrientation="portrait"
193-->src\main\AndroidManifest.xml:163:13-49
194            android:theme="@style/AppTheme.NoActionBar"
194-->src\main\AndroidManifest.xml:164:13-56
195            android:windowSoftInputMode="stateHidden|adjustResize" />
195-->src\main\AndroidManifest.xml:165:13-67
196        <activity
196-->src\main\AndroidManifest.xml:166:9-170:70
197            android:name="com.codunite.rechargeapp.activity.ActivityBrowseProfileImage"
197-->src\main\AndroidManifest.xml:167:13-88
198            android:screenOrientation="portrait"
198-->src\main\AndroidManifest.xml:168:13-49
199            android:theme="@style/AppTheme.NoActionBar"
199-->src\main\AndroidManifest.xml:169:13-56
200            android:windowSoftInputMode="stateHidden|adjustResize" />
200-->src\main\AndroidManifest.xml:170:13-67
201        <activity
201-->src\main\AndroidManifest.xml:171:9-175:70
202            android:name="com.codunite.rechargeapp.activity.ActivityPlansOfferDth"
202-->src\main\AndroidManifest.xml:172:13-83
203            android:screenOrientation="portrait"
203-->src\main\AndroidManifest.xml:173:13-49
204            android:theme="@style/AppTheme.NoActionBar"
204-->src\main\AndroidManifest.xml:174:13-56
205            android:windowSoftInputMode="stateHidden|adjustResize" />
205-->src\main\AndroidManifest.xml:175:13-67
206        <activity
206-->src\main\AndroidManifest.xml:176:9-180:70
207            android:name="com.codunite.rechargeapp.activity.support.ActivityContact"
207-->src\main\AndroidManifest.xml:177:13-85
208            android:screenOrientation="portrait"
208-->src\main\AndroidManifest.xml:178:13-49
209            android:theme="@style/AppTheme.NoActionBar"
209-->src\main\AndroidManifest.xml:179:13-56
210            android:windowSoftInputMode="stateHidden|adjustResize" />
210-->src\main\AndroidManifest.xml:180:13-67
211        <activity
211-->src\main\AndroidManifest.xml:181:9-185:57
212            android:name="com.codunite.rechargeapp.activity.ActivityLogin"
212-->src\main\AndroidManifest.xml:182:13-75
213            android:screenOrientation="portrait"
213-->src\main\AndroidManifest.xml:183:13-49
214            android:theme="@style/AppTheme.NoActionBar"
214-->src\main\AndroidManifest.xml:184:13-56
215            android:windowSoftInputMode="stateHidden" />
215-->src\main\AndroidManifest.xml:185:13-54
216        <activity
216-->src\main\AndroidManifest.xml:186:9-190:57
217            android:name="com.codunite.rechargeapp.activity.profile.ActivityForgotPassword"
217-->src\main\AndroidManifest.xml:187:13-92
218            android:screenOrientation="portrait"
218-->src\main\AndroidManifest.xml:188:13-49
219            android:theme="@style/AppTheme.NoActionBar"
219-->src\main\AndroidManifest.xml:189:13-56
220            android:windowSoftInputMode="stateHidden" />
220-->src\main\AndroidManifest.xml:190:13-54
221        <activity
221-->src\main\AndroidManifest.xml:191:9-195:70
222            android:name="com.codunite.rechargeapp.activity.ActivityRecharge"
222-->src\main\AndroidManifest.xml:192:13-78
223            android:screenOrientation="portrait"
223-->src\main\AndroidManifest.xml:193:13-49
224            android:theme="@style/AppTheme.NoActionBar"
224-->src\main\AndroidManifest.xml:194:13-56
225            android:windowSoftInputMode="stateHidden|adjustResize" />
225-->src\main\AndroidManifest.xml:195:13-67
226        <activity
226-->src\main\AndroidManifest.xml:196:9-200:70
227            android:name="com.codunite.rechargeapp.activity.support.ActivityComplaintList"
227-->src\main\AndroidManifest.xml:197:13-91
228            android:screenOrientation="portrait"
228-->src\main\AndroidManifest.xml:198:13-49
229            android:theme="@style/AppTheme.NoActionBar"
229-->src\main\AndroidManifest.xml:199:13-56
230            android:windowSoftInputMode="stateHidden|adjustResize" />
230-->src\main\AndroidManifest.xml:200:13-67
231        <activity
231-->src\main\AndroidManifest.xml:201:9-205:70
232            android:name="com.codunite.rechargeapp.activity.reports.ActivityRechargeHistory"
232-->src\main\AndroidManifest.xml:202:13-93
233            android:screenOrientation="portrait"
233-->src\main\AndroidManifest.xml:203:13-49
234            android:theme="@style/AppTheme.NoActionBar"
234-->src\main\AndroidManifest.xml:204:13-56
235            android:windowSoftInputMode="stateHidden|adjustResize" />
235-->src\main\AndroidManifest.xml:205:13-67
236        <activity
236-->src\main\AndroidManifest.xml:207:9-211:70
237            android:name="com.codunite.rechargeapp.activity.mainwallet.ActivityMainWalletTransfer"
237-->src\main\AndroidManifest.xml:208:13-99
238            android:screenOrientation="portrait"
238-->src\main\AndroidManifest.xml:209:13-49
239            android:theme="@style/AppTheme.NoActionBar"
239-->src\main\AndroidManifest.xml:210:13-56
240            android:windowSoftInputMode="stateHidden|adjustResize" />
240-->src\main\AndroidManifest.xml:211:13-67
241        <activity
241-->src\main\AndroidManifest.xml:213:9-217:70
242            android:name="com.codunite.rechargeapp.activity.ActivityRechargeCommision"
242-->src\main\AndroidManifest.xml:214:13-87
243            android:screenOrientation="portrait"
243-->src\main\AndroidManifest.xml:215:13-49
244            android:theme="@style/AppTheme.NoActionBar"
244-->src\main\AndroidManifest.xml:216:13-56
245            android:windowSoftInputMode="stateHidden|adjustResize" />
245-->src\main\AndroidManifest.xml:217:13-67
246        <activity
246-->src\main\AndroidManifest.xml:218:9-222:70
247            android:name="com.codunite.rechargeapp.activity.bbps.ActivityBBPSCommision"
247-->src\main\AndroidManifest.xml:219:13-64
248            android:screenOrientation="portrait"
248-->src\main\AndroidManifest.xml:220:13-49
249            android:theme="@style/AppTheme.NoActionBar"
249-->src\main\AndroidManifest.xml:221:13-56
250            android:windowSoftInputMode="stateHidden|adjustResize" />
250-->src\main\AndroidManifest.xml:222:13-67
251        <activity
251-->src\main\AndroidManifest.xml:223:9-227:70
252            android:name="com.codunite.rechargeapp.activity.commissionincome.ActivityDMRCommision"
252-->src\main\AndroidManifest.xml:224:13-99
253            android:screenOrientation="portrait"
253-->src\main\AndroidManifest.xml:225:13-49
254            android:theme="@style/AppTheme.NoActionBar"
254-->src\main\AndroidManifest.xml:226:13-56
255            android:windowSoftInputMode="stateHidden|adjustResize" />
255-->src\main\AndroidManifest.xml:227:13-67
256        <activity
256-->src\main\AndroidManifest.xml:228:9-232:70
257            android:name="com.codunite.rechargeapp.activity.commissionincome.ActivityAEPSCommision"
257-->src\main\AndroidManifest.xml:229:13-100
258            android:screenOrientation="portrait"
258-->src\main\AndroidManifest.xml:230:13-49
259            android:theme="@style/AppTheme.NoActionBar"
259-->src\main\AndroidManifest.xml:231:13-56
260            android:windowSoftInputMode="stateHidden|adjustResize" />
260-->src\main\AndroidManifest.xml:232:13-67
261        <activity
261-->src\main\AndroidManifest.xml:233:9-237:70
262            android:name="com.codunite.rechargeapp.activity.ActivityPrivacyPolicy"
262-->src\main\AndroidManifest.xml:234:13-83
263            android:screenOrientation="portrait"
263-->src\main\AndroidManifest.xml:235:13-49
264            android:theme="@style/AppTheme.NoActionBar"
264-->src\main\AndroidManifest.xml:236:13-56
265            android:windowSoftInputMode="stateHidden|adjustResize" />
265-->src\main\AndroidManifest.xml:237:13-67
266        <activity
266-->src\main\AndroidManifest.xml:238:9-242:70
267            android:name="com.codunite.rechargeapp.activity.support.ActivityRaiseComplaint"
267-->src\main\AndroidManifest.xml:239:13-92
268            android:screenOrientation="portrait"
268-->src\main\AndroidManifest.xml:240:13-49
269            android:theme="@style/AppTheme.NoActionBar"
269-->src\main\AndroidManifest.xml:241:13-56
270            android:windowSoftInputMode="stateHidden|adjustResize" />
270-->src\main\AndroidManifest.xml:242:13-67
271        <activity
271-->src\main\AndroidManifest.xml:243:9-247:70
272            android:name="com.codunite.rechargeapp.activity.mainwallet.ActivityFundRequest"
272-->src\main\AndroidManifest.xml:244:13-92
273            android:screenOrientation="portrait"
273-->src\main\AndroidManifest.xml:245:13-49
274            android:theme="@style/AppTheme.NoActionBar"
274-->src\main\AndroidManifest.xml:246:13-56
275            android:windowSoftInputMode="stateHidden|adjustResize" />
275-->src\main\AndroidManifest.xml:247:13-67
276        <activity
276-->src\main\AndroidManifest.xml:248:9-252:70
277            android:name="com.codunite.rechargeapp.activity.mainwallet.ActivityFundRequestHistory"
277-->src\main\AndroidManifest.xml:249:13-99
278            android:screenOrientation="portrait"
278-->src\main\AndroidManifest.xml:250:13-49
279            android:theme="@style/AppTheme.NoActionBar"
279-->src\main\AndroidManifest.xml:251:13-56
280            android:windowSoftInputMode="stateHidden|adjustResize" />
280-->src\main\AndroidManifest.xml:252:13-67
281        <activity
281-->src\main\AndroidManifest.xml:253:9-257:70
282            android:name="com.codunite.rechargeapp.activity.ActivityShare"
282-->src\main\AndroidManifest.xml:254:13-75
283            android:screenOrientation="portrait"
283-->src\main\AndroidManifest.xml:255:13-49
284            android:theme="@style/AppTheme.NoActionBar"
284-->src\main\AndroidManifest.xml:256:13-56
285            android:windowSoftInputMode="stateHidden|adjustResize" />
285-->src\main\AndroidManifest.xml:257:13-67
286        <activity
286-->src\main\AndroidManifest.xml:259:9-263:70
287            android:name="com.codunite.rechargeapp.WebViewActivity"
287-->src\main\AndroidManifest.xml:260:13-68
288            android:screenOrientation="portrait"
288-->src\main\AndroidManifest.xml:261:13-49
289            android:theme="@style/AppTheme.NoActionBar"
289-->src\main\AndroidManifest.xml:262:13-56